<?xml version="1.0" encoding="UTF-8"?>
<testsuites name="dev_trust_flipkart_project" time="13.201" tests="1" failures="0" errors="0">
   <testsuite name="dev_trust_flipkart_project" tests="1" failures="0" errors="0" time="13.201" skipped="0" timestamp="24-01-2025T12:07:32" hostname="DELL - host.docker.internal" id="Test Suites/dev_trust_flipkart_project">
      <properties>
         <property name="deviceName" value=""/>
         <property name="devicePlatform"/>
         <property name="logFolder" value="C:\\Users\\DELL\\git\\dev_trust_flipkart\\Reports\\20250124_120726\\dev_trust_flipkart_project\\20250124_120726"/>
         <property name="logFiles" value="C:\\Users\\DELL\\git\\dev_trust_flipkart\\Reports\\20250124_120726\\dev_trust_flipkart_project\\20250124_120726\\execution0.log"/>
         <property name="attachments" value=""/>
         <property name="hostName" value="DELL - host.docker.internal"/>
         <property name="os" value="Windows 11 64bit"/>
         <property name="katalonVersion" value="9.7.2.223"/>
         <property name="browser" value="Chrome 131.0.0.0"/>
         <property name="hostAddress" value="192.168.31.251"/>
         <property name="sessionId" value="1cfe9c8ba9d2191f3e3df626889e111e"/>
         <property name="seleniumVersion" value="3.141.59"/>
         <property name="proxyInformation" value="ProxyInformation { proxyOption=NO_PROXY, proxyServerType=HTTP, username=, password=********, proxyServerAddress=, proxyServerPort=0, executionList=&quot;&quot;, isApplyToDesiredCapabilities=true }"/>
         <property name="platform" value="Windows 11"/>
      </properties>
      <testcase name="Test Cases/access_flipkart_url" time="12.855" classname="Test Cases/access_flipkart_url" status="INCOMPLETE">
         <system-out><![CDATA[24-01-2025T12:07:32 - [TEST_CASE][INCOMPLETE] - Test Cases/access_flipkart_url: null

24-01-2025T12:07:33 - [TEST_STEP][PASSED] - openBrowser(""): Browser is opened with url: ''

24-01-2025T12:07:33 - [MESSAGE][INFO] - Starting 'Chrome' driver

24-01-2025T12:07:33 - [MESSAGE][INFO] - Action delay is set to 0 milliseconds

24-01-2025T12:07:35 - [MESSAGE][PASSED] - Browser is opened with url: ''

24-01-2025T12:07:35 - [TEST_STEP][PASSED] - maximizeWindow(): Current window maximized

24-01-2025T12:07:35 - [MESSAGE][PASSED] - Current window maximized

24-01-2025T12:07:35 - [TEST_STEP][PASSED] - delay(3): Delayed 3 second(s)

24-01-2025T12:07:38 - [MESSAGE][PASSED] - Delayed 3 second(s)

24-01-2025T12:07:38 - [TEST_STEP][PASSED] - navigateToUrl("https://www.flipkart.com/"): Navigate to 'https://www.flipkart.com/' successfully

24-01-2025T12:07:45 - [MESSAGE][PASSED] - Navigate to 'https://www.flipkart.com/' successfully

24-01-2025T12:07:45 - [TEST_STEP][INCOMPLETE] - delay(3): null]]></system-out>
         <system-err><![CDATA[24-01-2025T12:07:32 - [TEST_CASE][INCOMPLETE] - Test Cases/access_flipkart_url: null]]></system-err>
      </testcase>
      <system-out><![CDATA[24-01-2025T12:07:32 - [TEST_SUITE][INCOMPLETE] - dev_trust_flipkart_project: null]]></system-out>
      <system-err><![CDATA[24-01-2025T12:07:32 - [TEST_SUITE][INCOMPLETE] - dev_trust_flipkart_project: null]]></system-err>
   </testsuite>
</testsuites>
