<?xml version="1.0" encoding="UTF-8"?>
<testsuites name="dev_trust_flipkart_project" time="127.404" tests="4" failures="0" errors="0">
   <testsuite name="dev_trust_flipkart_project" tests="4" failures="0" errors="0" time="127.404" skipped="0" timestamp="24-01-2025T12:01:50" hostname="DELL - host.docker.internal" id="Test Suites/dev_trust_flipkart_project">
      <properties>
         <property name="deviceName" value=""/>
         <property name="devicePlatform"/>
         <property name="logFolder" value="C:\\Users\\DELL\\git\\dev_trust_flipkart\\Reports\\20250124_120123\\dev_trust_flipkart_project\\20250124_120123"/>
         <property name="logFiles" value="C:\\Users\\DELL\\git\\dev_trust_flipkart\\Reports\\20250124_120123\\dev_trust_flipkart_project\\20250124_120123\\execution0.log"/>
         <property name="attachments" value=""/>
         <property name="hostName" value="DELL - host.docker.internal"/>
         <property name="os" value="Windows 11 64bit"/>
         <property name="katalonVersion" value="9.7.2.223"/>
         <property name="browser" value="Chrome 131.0.0.0"/>
         <property name="hostAddress" value="192.168.31.251"/>
         <property name="sessionId" value="a968323372e2f537190f01bc3d442af7"/>
         <property name="seleniumVersion" value="3.141.59"/>
         <property name="proxyInformation" value="ProxyInformation { proxyOption=NO_PROXY, proxyServerType=HTTP, username=, password=********, proxyServerAddress=, proxyServerPort=0, executionList=&quot;&quot;, isApplyToDesiredCapabilities=true }"/>
         <property name="platform" value="Windows 11"/>
      </properties>
      <testcase name="Test Cases/access_flipkart_url" time="16.309" classname="Test Cases/access_flipkart_url" status="PASSED">
         <system-out><![CDATA[24-01-2025T12:01:51 - [TEST_CASE][PASSED] - Test Cases/access_flipkart_url: Test Cases/access_flipkart_url

24-01-2025T12:01:51 - [TEST_STEP][PASSED] - openBrowser(""): Browser is opened with url: ''

24-01-2025T12:01:51 - [MESSAGE][INFO] - Starting 'Chrome' driver

24-01-2025T12:01:51 - [MESSAGE][INFO] - Action delay is set to 0 milliseconds

24-01-2025T12:01:53 - [MESSAGE][PASSED] - Browser is opened with url: ''

24-01-2025T12:01:53 - [TEST_STEP][PASSED] - maximizeWindow(): Current window maximized

24-01-2025T12:01:53 - [MESSAGE][PASSED] - Current window maximized

24-01-2025T12:01:53 - [TEST_STEP][PASSED] - delay(3): Delayed 3 second(s)

24-01-2025T12:01:56 - [MESSAGE][PASSED] - Delayed 3 second(s)

24-01-2025T12:01:56 - [TEST_STEP][PASSED] - navigateToUrl("https://www.flipkart.com/"): Navigate to 'https://www.flipkart.com/' successfully

24-01-2025T12:02:04 - [MESSAGE][PASSED] - Navigate to 'https://www.flipkart.com/' successfully

24-01-2025T12:02:04 - [TEST_STEP][PASSED] - delay(3): Delayed 3 second(s)

24-01-2025T12:02:07 - [MESSAGE][PASSED] - Delayed 3 second(s)]]></system-out>
         <system-err><![CDATA[]]></system-err>
      </testcase>
      <testcase name="Test Cases/Test_Case_to_insert_data_in_search_bar" time="21.76" classname="Test Cases/Test_Case_to_insert_data_in_search_bar" status="PASSED">
         <system-out><![CDATA[24-01-2025T12:02:07 - [TEST_CASE][PASSED] - Test Cases/Test_Case_to_insert_data_in_search_bar: Test Cases/Test_Case_to_insert_data_in_search_bar

24-01-2025T12:02:07 - [TEST_STEP][PASSED] - waitForElementPresent(findTestObject("Object Repository/serach_bar_for_flipkart"), 10): Object 'Object Repository/serach_bar_for_flipkart' is present

24-01-2025T12:02:09 - [MESSAGE][PASSED] - Object 'Object Repository/serach_bar_for_flipkart' is present

24-01-2025T12:02:09 - [TEST_STEP][PASSED] - click(findTestObject("Object Repository/serach_bar_for_flipkart")): Object: 'Object Repository/serach_bar_for_flipkart' is clicked on

24-01-2025T12:02:09 - [MESSAGE][PASSED] - Object: 'Object Repository/serach_bar_for_flipkart' is clicked on

24-01-2025T12:02:09 - [TEST_STEP][PASSED] - delay(3): Delayed 3 second(s)

24-01-2025T12:02:12 - [MESSAGE][PASSED] - Delayed 3 second(s)

24-01-2025T12:02:12 - [TEST_STEP][PASSED] - setText(findTestObject("Object Repository/serach_bar_for_flipkart"), "Shoes for Men"): Text 'Shoes for Men' is set on object 'Object Repository/serach_bar_for_flipkart'

24-01-2025T12:02:13 - [MESSAGE][PASSED] - Text 'Shoes for Men' is set on object 'Object Repository/serach_bar_for_flipkart'

24-01-2025T12:02:13 - [TEST_STEP][PASSED] - delay(2): Delayed 2 second(s)

24-01-2025T12:02:15 - [MESSAGE][PASSED] - Delayed 2 second(s)

24-01-2025T12:02:15 - [TEST_STEP][PASSED] - click(findTestObject("Object Repository/submit_button_for_search_bar")): Object: 'Object Repository/submit_button_for_search_bar' is clicked on

24-01-2025T12:02:29 - [MESSAGE][PASSED] - Object: 'Object Repository/submit_button_for_search_bar' is clicked on]]></system-out>
         <system-err><![CDATA[]]></system-err>
      </testcase>
      <testcase name="Test Cases/Test_case_to_get_price_data" time="1.96" classname="Test Cases/Test_case_to_get_price_data" status="PASSED">
         <system-out><![CDATA[24-01-2025T12:02:29 - [TEST_CASE][PASSED] - Test Cases/Test_case_to_get_price_data: Test Cases/Test_case_to_get_price_data

24-01-2025T12:02:29 - [TEST_STEP][PASSED] - driver = getWebDriver(): null

24-01-2025T12:02:29 - [TEST_STEP][PASSED] - elements = driver.findElements(By.xpath("//a[@class="+tlBoD"]")): null

24-01-2025T12:02:30 - [TEST_STEP][PASSED] - count = elements.size(): null

24-01-2025T12:02:30 - [TEST_STEP][PASSED] - println("Number of products found: " + count): null

24-01-2025T12:02:30 - [TEST_STEP][PASSED] - productcount = count: null

24-01-2025T12:02:30 - [TEST_STEP][PASSED] - println(productcount): null

24-01-2025T12:02:30 - [TEST_STEP][PASSED] - price = getText(findTestObject("Object Repository/price_xpath")): Text of object 'Object Repository/price_xpath' is: '₹499₹2,49980% off
Free delivery'

24-01-2025T12:02:31 - [MESSAGE][PASSED] - Text of object 'Object Repository/price_xpath' is: '₹499₹2,49980% off
Free delivery'

24-01-2025T12:02:31 - [TEST_STEP][PASSED] - println(price): null]]></system-out>
         <system-err><![CDATA[]]></system-err>
      </testcase>
      <testcase name="Test Cases/Test_case_to_save_data_of_shoes" time="87.01" classname="Test Cases/Test_case_to_save_data_of_shoes" status="PASSED">
         <system-out><![CDATA[24-01-2025T12:02:31 - [TEST_CASE][PASSED] - Test Cases/Test_case_to_save_data_of_shoes: Test Cases/Test_case_to_save_data_of_shoes

24-01-2025T12:02:32 - [TEST_STEP][PASSED] - driver = getWebDriver(): null

24-01-2025T12:02:32 - [TEST_STEP][PASSED] - filePath = "C:\Users\DELL\OneDrive\Desktop\ProductsData.xlsx": null

24-01-2025T12:02:32 - [TEST_STEP][PASSED] - workbook = new org.apache.poi.xssf.usermodel.XSSFWorkbook(): null

24-01-2025T12:02:33 - [TEST_STEP][PASSED] - sheet = workbook.createSheet("Products"): null

24-01-2025T12:02:34 - [TEST_STEP][PASSED] - header = sheet.createRow(0): null

24-01-2025T12:02:34 - [TEST_STEP][PASSED] - createCell(0).setCellValue("Price (MRP)"): null

24-01-2025T12:02:34 - [TEST_STEP][PASSED] - createCell(1).setCellValue("Original Price"): null

24-01-2025T12:02:34 - [TEST_STEP][PASSED] - createCell(2).setCellValue("Discount Offered"): null

24-01-2025T12:02:34 - [TEST_STEP][PASSED] - rowIndex = 1: null

24-01-2025T12:02:34 - [TEST_STEP][PASSED] - rowIndex = extractAndSaveData(driver, rowIndex, sheet): null

24-01-2025T12:02:34 - [TEST_STEP][PASSED] - productElements = driver.findElements(By.xpath("//a[@class="+tlBoD"]")): null

24-01-2025T12:02:34 - [TEST_STEP][PASSED] - productElements.eachWithIndex({ org.openqa.selenium.WebElement productElement, int index -> ... }): null

24-01-2025T12:03:10 - [TEST_STEP][PASSED] - return rowIndex: null

24-01-2025T12:03:10 - [TEST_STEP][PASSED] - nextButton = driver.findElement(By.xpath("//span[contains(text(),"Next")]")): null

24-01-2025T12:03:10 - [TEST_STEP][PASSED] - if (nextButton.isDisplayed() && nextButton.isEnabled()): Delayed 5 second(s)

24-01-2025T12:03:10 - [TEST_STEP][PASSED] - nextButton.click(): null

24-01-2025T12:03:11 - [TEST_STEP][PASSED] - delay(5): Delayed 5 second(s)

24-01-2025T12:03:16 - [MESSAGE][PASSED] - Delayed 5 second(s)

24-01-2025T12:03:16 - [TEST_STEP][PASSED] - rowIndex = extractAndSaveData(driver, rowIndex, sheet): null

24-01-2025T12:03:16 - [TEST_STEP][PASSED] - productElements = driver.findElements(By.xpath("//a[@class="+tlBoD"]")): null

24-01-2025T12:03:16 - [TEST_STEP][PASSED] - productElements.eachWithIndex({ org.openqa.selenium.WebElement productElement, int index -> ... }): null

24-01-2025T12:03:52 - [TEST_STEP][PASSED] - return rowIndex: null

24-01-2025T12:03:52 - [TEST_STEP][PASSED] - outputStream = new java.io.FileOutputStream(filePath): null

24-01-2025T12:03:52 - [TEST_STEP][PASSED] - workbook.write(outputStream): null

24-01-2025T12:03:52 - [TEST_STEP][PASSED] - outputStream.close(): null

24-01-2025T12:03:52 - [TEST_STEP][PASSED] - workbook.close(): null

24-01-2025T12:03:52 - [TEST_STEP][PASSED] - println("Data saved to Excel file: " + filePath): null

24-01-2025T12:03:52 - [TEST_STEP][PASSED] - delay(5): Delayed 5 second(s)

24-01-2025T12:03:57 - [MESSAGE][PASSED] - Delayed 5 second(s)

24-01-2025T12:03:57 - [TEST_STEP][PASSED] - closeBrowser(): Browser is closed

24-01-2025T12:03:58 - [MESSAGE][PASSED] - Browser is closed]]></system-out>
         <system-err><![CDATA[]]></system-err>
      </testcase>
      <system-out><![CDATA[24-01-2025T12:01:50 - [TEST_SUITE][PASSED] - dev_trust_flipkart_project: Test Cases/Test_case_to_save_data_of_shoes]]></system-out>
      <system-err><![CDATA[]]></system-err>
   </testsuite>
</testsuites>
